2022-08-02 11:13:25.374  INFO 76329 --- [main] com.tsyrkunou.jmpwep.JmpwepApplication   : Starting JmpwepApplication using Java 17.0.2 on EPBYGOMW02ED with PID 76329 (/Users/Anton_Tsyrkunou/Documents/SomeProject/JMP/jmpwep/target/classes started by Anton_Tsyrkunou in /Users/Anton_Tsyrkunou/Documents/SomeProject/JMP/jmpwep)
2022-08-02 11:13:25.376  INFO 76329 --- [main] com.tsyrkunou.jmpwep.JmpwepApplication   : No active profile set, falling back to 1 default profile: "default"
2022-08-02 11:13:26.192  INFO 76329 --- [main] .s.d.r.c.RepositoryConfigurationDelegate : Multiple Spring Data modules found, entering strict repository configuration mode
2022-08-02 11:13:26.193  INFO 76329 --- [main] .s.d.r.c.RepositoryConfigurationDelegate : Bootstrapping Spring Data JDBC repositories in DEFAULT mode.
2022-08-02 11:13:26.228  INFO 76329 --- [main] .RepositoryConfigurationExtensionSupport : Spring Data JDBC - Could not safely identify store assignment for repository candidate interface com.tsyrkunou.jmpwep.application.repository.AmountRepository; If you want this repository to be a JDBC repository, consider annotating your entities with one of these annotations: org.springframework.data.relational.core.mapping.Table.
2022-08-02 11:13:26.233  INFO 76329 --- [main] .RepositoryConfigurationExtensionSupport : Spring Data JDBC - Could not safely identify store assignment for repository candidate interface com.tsyrkunou.jmpwep.application.repository.CustomerRepository; If you want this repository to be a JDBC repository, consider annotating your entities with one of these annotations: org.springframework.data.relational.core.mapping.Table.
2022-08-02 11:13:26.236  INFO 76329 --- [main] .RepositoryConfigurationExtensionSupport : Spring Data JDBC - Could not safely identify store assignment for repository candidate interface com.tsyrkunou.jmpwep.application.repository.EventAmountRepository; If you want this repository to be a JDBC repository, consider annotating your entities with one of these annotations: org.springframework.data.relational.core.mapping.Table.
2022-08-02 11:13:26.243  INFO 76329 --- [main] .RepositoryConfigurationExtensionSupport : Spring Data JDBC - Could not safely identify store assignment for repository candidate interface com.tsyrkunou.jmpwep.application.repository.EventRepository; If you want this repository to be a JDBC repository, consider annotating your entities with one of these annotations: org.springframework.data.relational.core.mapping.Table.
2022-08-02 11:13:26.245  INFO 76329 --- [main] .RepositoryConfigurationExtensionSupport : Spring Data JDBC - Could not safely identify store assignment for repository candidate interface com.tsyrkunou.jmpwep.application.repository.OrderRepository; If you want this repository to be a JDBC repository, consider annotating your entities with one of these annotations: org.springframework.data.relational.core.mapping.Table.
2022-08-02 11:13:26.247  INFO 76329 --- [main] .RepositoryConfigurationExtensionSupport : Spring Data JDBC - Could not safely identify store assignment for repository candidate interface com.tsyrkunou.jmpwep.application.repository.TicketRepository; If you want this repository to be a JDBC repository, consider annotating your entities with one of these annotations: org.springframework.data.relational.core.mapping.Table.
2022-08-02 11:13:26.248  INFO 76329 --- [main] .s.d.r.c.RepositoryConfigurationDelegate : Finished Spring Data repository scanning in 51 ms. Found 0 JDBC repository interfaces.
2022-08-02 11:13:26.256  INFO 76329 --- [main] .s.d.r.c.RepositoryConfigurationDelegate : Multiple Spring Data modules found, entering strict repository configuration mode
2022-08-02 11:13:26.257  INFO 76329 --- [main] .s.d.r.c.RepositoryConfigurationDelegate : Bootstrapping Spring Data JPA repositories in DEFAULT mode.
2022-08-02 11:13:26.299  INFO 76329 --- [main] .s.d.r.c.RepositoryConfigurationDelegate : Finished Spring Data repository scanning in 37 ms. Found 6 JPA repository interfaces.
2022-08-02 11:13:26.869  INFO 76329 --- [main] o.s.b.w.embedded.tomcat.TomcatWebServer  : Tomcat initialized with port(s): 8089 (http)
2022-08-02 11:13:26.881  INFO 76329 --- [main] o.apache.catalina.core.StandardService   : Starting service [Tomcat]
2022-08-02 11:13:26.881  INFO 76329 --- [main] org.apache.catalina.core.StandardEngine  : Starting Servlet engine: [Apache Tomcat/9.0.65]
2022-08-02 11:13:27.020  INFO 76329 --- [main] o.a.c.c.C.[Tomcat].[localhost].[/]       : Initializing Spring embedded WebApplicationContext
2022-08-02 11:13:27.020  INFO 76329 --- [main] w.s.c.ServletWebServerApplicationContext : Root WebApplicationContext: initialization completed in 1581 ms
2022-08-02 11:13:27.317  INFO 76329 --- [main] com.zaxxer.hikari.HikariDataSource       : HikariPool-1 - Starting...
2022-08-02 11:13:27.413  INFO 76329 --- [main] com.zaxxer.hikari.HikariDataSource       : HikariPool-1 - Start completed.
2022-08-02 11:13:27.552  INFO 76329 --- [main] liquibase.database                       : Set default schema name to public
2022-08-02 11:13:27.690  INFO 76329 --- [main] liquibase.lockservice                    : Successfully acquired change log lock
2022-08-02 11:13:28.135  INFO 76329 --- [main] liquibase.changelog                      : Reading from public.databasechangelog
2022-08-02 11:13:28.195  INFO 76329 --- [main] liquibase.lockservice                    : Successfully released change log lock
2022-08-02 11:13:28.301  INFO 76329 --- [main] o.hibernate.jpa.internal.util.LogHelper  : HHH000204: Processing PersistenceUnitInfo [name: default]
2022-08-02 11:13:28.346  INFO 76329 --- [main] org.hibernate.Version                    : HHH000412: Hibernate ORM core version 5.6.10.Final
2022-08-02 11:13:28.458  WARN 76329 --- [main] org.hibernate.orm.deprecation            : HHH020100: The Ehcache second-level cache provider for Hibernate is deprecated.  See https://hibernate.atlassian.net/browse/HHH-12441 for details.
2022-08-02 11:13:28.467  INFO 76329 --- [main] o.hibernate.annotations.common.Version   : HCANN000001: Hibernate Commons Annotations {5.1.2.Final}
2022-08-02 11:13:28.545  INFO 76329 --- [main] org.hibernate.dialect.Dialect            : HHH000400: Using dialect: org.hibernate.dialect.PostgreSQL10Dialect
2022-08-02 11:13:28.749  WARN 76329 --- [main] n.s.ehcache.config.ConfigurationFactory  : No configuration found. Configuring ehcache from ehcache-failsafe.xml  found in the classpath: jar:file:/Users/Anton_Tsyrkunou/.m2/repository/net/sf/ehcache/ehcache/2.10.9.2/ehcache-2.10.9.2.jar!/ehcache-failsafe.xml
2022-08-02 11:13:28.833  WARN 76329 --- [main] org.hibernate.orm.cache                  : HHH90001006: Missing cache[com.tsyrkunou.jmpwep.application.model.customer.Customer] was created on-the-fly. The created cache will use a provider-specific default configuration: make sure you defined one. You can disable this warning by setting 'hibernate.cache.ehcache.missing_cache_strategy' to 'create'.
2022-08-02 11:13:28.879  WARN 76329 --- [main] org.hibernate.orm.cache                  : HHH90001006: Missing cache[com.tsyrkunou.jmpwep.application.model.event.Event] was created on-the-fly. The created cache will use a provider-specific default configuration: make sure you defined one. You can disable this warning by setting 'hibernate.cache.ehcache.missing_cache_strategy' to 'create'.
2022-08-02 11:13:28.885  WARN 76329 --- [main] org.hibernate.orm.cache                  : HHH90001006: Missing cache[com.tsyrkunou.jmpwep.application.model.order.Oder] was created on-the-fly. The created cache will use a provider-specific default configuration: make sure you defined one. You can disable this warning by setting 'hibernate.cache.ehcache.missing_cache_strategy' to 'create'.
2022-08-02 11:13:28.892  WARN 76329 --- [main] org.hibernate.orm.cache                  : HHH90001006: Missing cache[com.tsyrkunou.jmpwep.application.model.ticket.Ticket] was created on-the-fly. The created cache will use a provider-specific default configuration: make sure you defined one. You can disable this warning by setting 'hibernate.cache.ehcache.missing_cache_strategy' to 'create'.
2022-08-02 11:13:29.259  INFO 76329 --- [main] o.h.e.t.j.p.i.JtaPlatformInitiator       : HHH000490: Using JtaPlatform implementation: [org.hibernate.engine.transaction.jta.platform.internal.NoJtaPlatform]
2022-08-02 11:13:29.265  INFO 76329 --- [main] j.LocalContainerEntityManagerFactoryBean : Initialized JPA EntityManagerFactory for persistence unit 'default'
2022-08-02 11:13:29.789  WARN 76329 --- [main] org.thymeleaf.templatemode.TemplateMode  : [THYMELEAF][main] Template Mode 'HTML5' is deprecated. Using Template Mode 'HTML' instead.
2022-08-02 11:13:29.804  WARN 76329 --- [main] JpaBaseConfiguration$JpaWebConfiguration : spring.jpa.open-in-view is enabled by default. Therefore, database queries may be performed during view rendering. Explicitly configure spring.jpa.open-in-view to disable this warning
2022-08-02 11:13:30.026  WARN 76329 --- [main] org.thymeleaf.templatemode.TemplateMode  : [THYMELEAF][main] Template Mode 'HTML5' is deprecated. Using Template Mode 'HTML' instead.
2022-08-02 11:13:30.204  WARN 76329 --- [main] org.thymeleaf.templatemode.TemplateMode  : [THYMELEAF][main] Template Mode 'LEGACYHTML5' is deprecated. Using Template Mode 'HTML' instead.
2022-08-02 11:13:30.243  INFO 76329 --- [main] o.s.b.w.embedded.tomcat.TomcatWebServer  : Tomcat started on port(s): 8089 (http) with context path ''
2022-08-02 11:13:30.263  INFO 76329 --- [main] com.tsyrkunou.jmpwep.JmpwepApplication   : Started JmpwepApplication in 5.329 seconds (JVM running for 6.088)
2022-08-02 11:14:29.038  INFO 76329 --- [http-nio-8089-exec-2] o.a.c.c.C.[Tomcat].[localhost].[/]       : Initializing Spring DispatcherServlet 'dispatcherServlet'
2022-08-02 11:14:29.038  INFO 76329 --- [http-nio-8089-exec-2] o.s.web.servlet.DispatcherServlet        : Initializing Servlet 'dispatcherServlet'
2022-08-02 11:14:29.040  INFO 76329 --- [http-nio-8089-exec-2] o.s.web.servlet.DispatcherServlet        : Completed initialization in 2 ms
2022-08-02 11:14:29.128  INFO 76329 --- [http-nio-8089-exec-2] c.t.j.a.c.r.ApplicationRestImpl          : Request for creation event with name: LogEvent4
2022-08-02 11:15:14.799  INFO 76329 --- [SpringApplicationShutdownHook] j.LocalContainerEntityManagerFactoryBean : Closing JPA EntityManagerFactory for persistence unit 'default'
2022-08-02 11:15:14.824  INFO 76329 --- [SpringApplicationShutdownHook] com.zaxxer.hikari.HikariDataSource       : HikariPool-1 - Shutdown initiated...
2022-08-02 11:15:14.830  INFO 76329 --- [SpringApplicationShutdownHook] com.zaxxer.hikari.HikariDataSource       : HikariPool-1 - Shutdown completed.
