2023-01-11 09:14:09.592  INFO 71854 --- [main] com.tsyrkunou.jmpwep.JmpwepApplication   : Starting JmpwepApplication using Java 17.0.2 on EPBYGOMW02ED with PID 71854 (/Users/Anton_Tsyrkunou/Documents/SomeProject/JMP/jmpwep/target/classes started by Anton_Tsyrkunou in /Users/Anton_Tsyrkunou/Documents/SomeProject/JMP/jmpwep)
2023-01-11 09:14:09.605  INFO 71854 --- [main] com.tsyrkunou.jmpwep.JmpwepApplication   : No active profile set, falling back to 1 default profile: "default"
2023-01-11 09:14:11.123  INFO 71854 --- [main] .s.d.r.c.RepositoryConfigurationDelegate : Multiple Spring Data modules found, entering strict repository configuration mode
2023-01-11 09:14:11.125  INFO 71854 --- [main] .s.d.r.c.RepositoryConfigurationDelegate : Bootstrapping Spring Data JDBC repositories in DEFAULT mode.
2023-01-11 09:14:11.176  INFO 71854 --- [main] .RepositoryConfigurationExtensionSupport : Spring Data JDBC - Could not safely identify store assignment for repository candidate interface com.tsyrkunou.jmpwep.application.repository.AmountRepository; If you want this repository to be a JDBC repository, consider annotating your entities with one of these annotations: org.springframework.data.relational.core.mapping.Table.
2023-01-11 09:14:11.186  INFO 71854 --- [main] .RepositoryConfigurationExtensionSupport : Spring Data JDBC - Could not safely identify store assignment for repository candidate interface com.tsyrkunou.jmpwep.application.repository.CustomerRepository; If you want this repository to be a JDBC repository, consider annotating your entities with one of these annotations: org.springframework.data.relational.core.mapping.Table.
2023-01-11 09:14:11.189  INFO 71854 --- [main] .RepositoryConfigurationExtensionSupport : Spring Data JDBC - Could not safely identify store assignment for repository candidate interface com.tsyrkunou.jmpwep.application.repository.EventAmountRepository; If you want this repository to be a JDBC repository, consider annotating your entities with one of these annotations: org.springframework.data.relational.core.mapping.Table.
2023-01-11 09:14:11.195  INFO 71854 --- [main] .RepositoryConfigurationExtensionSupport : Spring Data JDBC - Could not safely identify store assignment for repository candidate interface com.tsyrkunou.jmpwep.application.repository.EventRepository; If you want this repository to be a JDBC repository, consider annotating your entities with one of these annotations: org.springframework.data.relational.core.mapping.Table.
2023-01-11 09:14:11.197  INFO 71854 --- [main] .RepositoryConfigurationExtensionSupport : Spring Data JDBC - Could not safely identify store assignment for repository candidate interface com.tsyrkunou.jmpwep.application.repository.OrderRepository; If you want this repository to be a JDBC repository, consider annotating your entities with one of these annotations: org.springframework.data.relational.core.mapping.Table.
2023-01-11 09:14:11.200  INFO 71854 --- [main] .RepositoryConfigurationExtensionSupport : Spring Data JDBC - Could not safely identify store assignment for repository candidate interface com.tsyrkunou.jmpwep.application.repository.TicketRepository; If you want this repository to be a JDBC repository, consider annotating your entities with one of these annotations: org.springframework.data.relational.core.mapping.Table.
2023-01-11 09:14:11.202  INFO 71854 --- [main] .RepositoryConfigurationExtensionSupport : Spring Data JDBC - Could not safely identify store assignment for repository candidate interface com.tsyrkunou.jmpwep.application.security.jwt.UserTokenRepository; If you want this repository to be a JDBC repository, consider annotating your entities with one of these annotations: org.springframework.data.relational.core.mapping.Table.
2023-01-11 09:14:11.203  INFO 71854 --- [main] .s.d.r.c.RepositoryConfigurationDelegate : Finished Spring Data repository scanning in 72 ms. Found 0 JDBC repository interfaces.
2023-01-11 09:14:11.212  INFO 71854 --- [main] .s.d.r.c.RepositoryConfigurationDelegate : Multiple Spring Data modules found, entering strict repository configuration mode
2023-01-11 09:14:11.214  INFO 71854 --- [main] .s.d.r.c.RepositoryConfigurationDelegate : Bootstrapping Spring Data JPA repositories in DEFAULT mode.
2023-01-11 09:14:11.277  INFO 71854 --- [main] .s.d.r.c.RepositoryConfigurationDelegate : Finished Spring Data repository scanning in 55 ms. Found 7 JPA repository interfaces.
2023-01-11 09:14:12.492  INFO 71854 --- [main] o.s.b.w.embedded.tomcat.TomcatWebServer  : Tomcat initialized with port(s): 8089 (http)
2023-01-11 09:14:12.506  INFO 71854 --- [main] o.apache.catalina.core.StandardService   : Starting service [Tomcat]
2023-01-11 09:14:12.506  INFO 71854 --- [main] org.apache.catalina.core.StandardEngine  : Starting Servlet engine: [Apache Tomcat/9.0.65]
2023-01-11 09:14:12.650  INFO 71854 --- [main] o.a.c.c.C.[Tomcat].[localhost].[/]       : Initializing Spring embedded WebApplicationContext
2023-01-11 09:14:12.650  INFO 71854 --- [main] w.s.c.ServletWebServerApplicationContext : Root WebApplicationContext: initialization completed in 2960 ms
2023-01-11 09:14:13.379  INFO 71854 --- [main] com.zaxxer.hikari.HikariDataSource       : HikariPool-1 - Starting...
2023-01-11 09:14:13.505  INFO 71854 --- [main] com.zaxxer.hikari.HikariDataSource       : HikariPool-1 - Start completed.
2023-01-11 09:14:13.733  INFO 71854 --- [main] liquibase.database                       : Set default schema name to public
2023-01-11 09:14:13.830  INFO 71854 --- [main] liquibase.lockservice                    : Successfully acquired change log lock
2023-01-11 09:14:14.338  WARN 71854 --- [main] liquibase.changelog                      : included file db/changelog/cumulative.xml/db/changelog/authority is not a recognized file type
2023-01-11 09:14:14.433  INFO 71854 --- [main] liquibase.changelog                      : Reading from public.databasechangelog
2023-01-11 09:14:14.501  INFO 71854 --- [main] liquibase.lockservice                    : Successfully released change log lock
2023-01-11 09:14:14.699  INFO 71854 --- [main] o.hibernate.jpa.internal.util.LogHelper  : HHH000204: Processing PersistenceUnitInfo [name: default]
2023-01-11 09:14:14.783  INFO 71854 --- [main] org.hibernate.Version                    : HHH000412: Hibernate ORM core version 5.6.10.Final
2023-01-11 09:14:14.989  WARN 71854 --- [main] org.hibernate.orm.deprecation            : HHH020100: The Ehcache second-level cache provider for Hibernate is deprecated.  See https://hibernate.atlassian.net/browse/HHH-12441 for details.
2023-01-11 09:14:15.007  INFO 71854 --- [main] o.hibernate.annotations.common.Version   : HCANN000001: Hibernate Commons Annotations {5.1.2.Final}
2023-01-11 09:14:15.158  INFO 71854 --- [main] org.hibernate.dialect.Dialect            : HHH000400: Using dialect: org.hibernate.dialect.PostgreSQL10Dialect
2023-01-11 09:14:15.502  WARN 71854 --- [main] n.s.ehcache.config.ConfigurationFactory  : No configuration found. Configuring ehcache from ehcache-failsafe.xml  found in the classpath: jar:file:/Users/Anton_Tsyrkunou/.m2/repository/net/sf/ehcache/ehcache/2.10.9.2/ehcache-2.10.9.2.jar!/ehcache-failsafe.xml
2023-01-11 09:14:15.669  WARN 71854 --- [main] org.hibernate.orm.cache                  : HHH90001006: Missing cache[com.tsyrkunou.jmpwep.application.model.customer.Customer] was created on-the-fly. The created cache will use a provider-specific default configuration: make sure you defined one. You can disable this warning by setting 'hibernate.cache.ehcache.missing_cache_strategy' to 'create'.
2023-01-11 09:14:15.751  WARN 71854 --- [main] org.hibernate.orm.cache                  : HHH90001006: Missing cache[com.tsyrkunou.jmpwep.application.model.event.Event] was created on-the-fly. The created cache will use a provider-specific default configuration: make sure you defined one. You can disable this warning by setting 'hibernate.cache.ehcache.missing_cache_strategy' to 'create'.
2023-01-11 09:14:15.761  WARN 71854 --- [main] org.hibernate.orm.cache                  : HHH90001006: Missing cache[com.tsyrkunou.jmpwep.application.model.ticket.Ticket] was created on-the-fly. The created cache will use a provider-specific default configuration: make sure you defined one. You can disable this warning by setting 'hibernate.cache.ehcache.missing_cache_strategy' to 'create'.
2023-01-11 09:14:15.768  WARN 71854 --- [main] org.hibernate.orm.cache                  : HHH90001006: Missing cache[com.tsyrkunou.jmpwep.application.model.order.Oder] was created on-the-fly. The created cache will use a provider-specific default configuration: make sure you defined one. You can disable this warning by setting 'hibernate.cache.ehcache.missing_cache_strategy' to 'create'.
2023-01-11 09:14:16.302  INFO 71854 --- [main] o.h.e.t.j.p.i.JtaPlatformInitiator       : HHH000490: Using JtaPlatform implementation: [org.hibernate.engine.transaction.jta.platform.internal.NoJtaPlatform]
2023-01-11 09:14:16.312  INFO 71854 --- [main] j.LocalContainerEntityManagerFactoryBean : Initialized JPA EntityManagerFactory for persistence unit 'default'
2023-01-11 09:14:17.219  WARN 71854 --- [main] org.thymeleaf.templatemode.TemplateMode  : [THYMELEAF][main] Template Mode 'HTML5' is deprecated. Using Template Mode 'HTML' instead.
2023-01-11 09:14:17.279  WARN 71854 --- [main] o.s.b.a.batch.JpaBatchConfigurer         : JPA does not support custom isolation levels, so locks may not be taken when launching Jobs. To silence this warning, set 'spring.batch.jdbc.isolation-level-for-create' to 'default'.
2023-01-11 09:14:17.285  INFO 71854 --- [main] o.s.b.c.r.s.JobRepositoryFactoryBean     : No database type set, using meta data indicating: POSTGRES
2023-01-11 09:14:17.311  INFO 71854 --- [main] o.s.b.c.l.support.SimpleJobLauncher      : No TaskExecutor has been set, defaulting to synchronous executor.
2023-01-11 09:14:17.572  WARN 71854 --- [main] JpaBaseConfiguration$JpaWebConfiguration : spring.jpa.open-in-view is enabled by default. Therefore, database queries may be performed during view rendering. Explicitly configure spring.jpa.open-in-view to disable this warning
2023-01-11 09:14:18.024  WARN 71854 --- [main] org.thymeleaf.templatemode.TemplateMode  : [THYMELEAF][main] Template Mode 'HTML5' is deprecated. Using Template Mode 'HTML' instead.
2023-01-11 09:14:18.386  INFO 71854 --- [main] o.s.b.a.e.web.EndpointLinksResolver      : Exposing 17 endpoint(s) beneath base path '/actuator'
2023-01-11 09:14:18.444  INFO 71854 --- [main] o.s.s.web.DefaultSecurityFilterChain     : Will secure any request with [org.springframework.security.web.session.DisableEncodeUrlFilter@4796ae58, org.springframework.security.web.context.request.async.WebAsyncManagerIntegrationFilter@7d24def, org.springframework.security.web.context.SecurityContextPersistenceFilter@21f4f5d4, org.springframework.security.web.header.HeaderWriterFilter@71dc03a, org.springframework.security.web.authentication.logout.LogoutFilter@6662af0a, com.tsyrkunou.jmpwep.application.security.filter.JwtSecurityFilter@2cc3b0a7, org.springframework.security.web.savedrequest.RequestCacheAwareFilter@6b5df313, org.springframework.security.web.servletapi.SecurityContextHolderAwareRequestFilter@12f52ca4, org.springframework.security.web.authentication.AnonymousAuthenticationFilter@2627da4c, org.springframework.security.web.session.SessionManagementFilter@7bbd133c, org.springframework.security.web.access.ExceptionTranslationFilter@7241872c, org.springframework.security.web.access.intercept.AuthorizationFilter@a632ae0]
2023-01-11 09:14:18.818  WARN 71854 --- [main] org.thymeleaf.templatemode.TemplateMode  : [THYMELEAF][main] Template Mode 'LEGACYHTML5' is deprecated. Using Template Mode 'HTML' instead.
2023-01-11 09:14:18.877  INFO 71854 --- [main] o.s.b.w.embedded.tomcat.TomcatWebServer  : Tomcat started on port(s): 8089 (http) with context path ''
2023-01-11 09:14:18.891  INFO 71854 --- [main] com.tsyrkunou.jmpwep.JmpwepApplication   : Started JmpwepApplication in 10.058 seconds (JVM running for 10.576)
2023-01-11 09:14:18.967  INFO 71854 --- [main] o.s.b.a.b.JobLauncherApplicationRunner   : Running default command line with: []
2023-01-11 09:14:49.825  INFO 71854 --- [http-nio-8089-exec-1] o.a.c.c.C.[Tomcat].[localhost].[/]       : Initializing Spring DispatcherServlet 'dispatcherServlet'
2023-01-11 09:14:49.826  INFO 71854 --- [http-nio-8089-exec-1] o.s.web.servlet.DispatcherServlet        : Initializing Servlet 'dispatcherServlet'
2023-01-11 09:14:49.828  INFO 71854 --- [http-nio-8089-exec-1] o.s.web.servlet.DispatcherServlet        : Completed initialization in 2 ms
2023-01-11 09:14:50.259  INFO 71854 --- [http-nio-8089-exec-1] c.t.j.a.c.r.ApplicationRestImpl          : Request for creation event with name: normm2
2023-01-11 09:34:48.221  INFO 73029 --- [main] com.tsyrkunou.jmpwep.JmpwepApplication   : Starting JmpwepApplication using Java 17.0.2 on EPBYGOMW02ED with PID 73029 (/Users/Anton_Tsyrkunou/Documents/SomeProject/JMP/jmpwep/target/classes started by Anton_Tsyrkunou in /Users/Anton_Tsyrkunou/Documents/SomeProject/JMP/jmpwep)
2023-01-11 09:34:48.224  INFO 73029 --- [main] com.tsyrkunou.jmpwep.JmpwepApplication   : No active profile set, falling back to 1 default profile: "default"
2023-01-11 09:34:49.445  INFO 73029 --- [main] .s.d.r.c.RepositoryConfigurationDelegate : Multiple Spring Data modules found, entering strict repository configuration mode
2023-01-11 09:34:49.447  INFO 73029 --- [main] .s.d.r.c.RepositoryConfigurationDelegate : Bootstrapping Spring Data JDBC repositories in DEFAULT mode.
2023-01-11 09:34:49.493  INFO 73029 --- [main] .RepositoryConfigurationExtensionSupport : Spring Data JDBC - Could not safely identify store assignment for repository candidate interface com.tsyrkunou.jmpwep.application.repository.AmountRepository; If you want this repository to be a JDBC repository, consider annotating your entities with one of these annotations: org.springframework.data.relational.core.mapping.Table.
2023-01-11 09:34:49.501  INFO 73029 --- [main] .RepositoryConfigurationExtensionSupport : Spring Data JDBC - Could not safely identify store assignment for repository candidate interface com.tsyrkunou.jmpwep.application.repository.CustomerRepository; If you want this repository to be a JDBC repository, consider annotating your entities with one of these annotations: org.springframework.data.relational.core.mapping.Table.
2023-01-11 09:34:49.504  INFO 73029 --- [main] .RepositoryConfigurationExtensionSupport : Spring Data JDBC - Could not safely identify store assignment for repository candidate interface com.tsyrkunou.jmpwep.application.repository.EventAmountRepository; If you want this repository to be a JDBC repository, consider annotating your entities with one of these annotations: org.springframework.data.relational.core.mapping.Table.
2023-01-11 09:34:49.510  INFO 73029 --- [main] .RepositoryConfigurationExtensionSupport : Spring Data JDBC - Could not safely identify store assignment for repository candidate interface com.tsyrkunou.jmpwep.application.repository.EventRepository; If you want this repository to be a JDBC repository, consider annotating your entities with one of these annotations: org.springframework.data.relational.core.mapping.Table.
2023-01-11 09:34:49.512  INFO 73029 --- [main] .RepositoryConfigurationExtensionSupport : Spring Data JDBC - Could not safely identify store assignment for repository candidate interface com.tsyrkunou.jmpwep.application.repository.OrderRepository; If you want this repository to be a JDBC repository, consider annotating your entities with one of these annotations: org.springframework.data.relational.core.mapping.Table.
2023-01-11 09:34:49.514  INFO 73029 --- [main] .RepositoryConfigurationExtensionSupport : Spring Data JDBC - Could not safely identify store assignment for repository candidate interface com.tsyrkunou.jmpwep.application.repository.TicketRepository; If you want this repository to be a JDBC repository, consider annotating your entities with one of these annotations: org.springframework.data.relational.core.mapping.Table.
2023-01-11 09:34:49.518  INFO 73029 --- [main] .RepositoryConfigurationExtensionSupport : Spring Data JDBC - Could not safely identify store assignment for repository candidate interface com.tsyrkunou.jmpwep.application.security.jwt.UserTokenRepository; If you want this repository to be a JDBC repository, consider annotating your entities with one of these annotations: org.springframework.data.relational.core.mapping.Table.
2023-01-11 09:34:49.519  INFO 73029 --- [main] .s.d.r.c.RepositoryConfigurationDelegate : Finished Spring Data repository scanning in 66 ms. Found 0 JDBC repository interfaces.
2023-01-11 09:34:49.527  INFO 73029 --- [main] .s.d.r.c.RepositoryConfigurationDelegate : Multiple Spring Data modules found, entering strict repository configuration mode
2023-01-11 09:34:49.528  INFO 73029 --- [main] .s.d.r.c.RepositoryConfigurationDelegate : Bootstrapping Spring Data JPA repositories in DEFAULT mode.
2023-01-11 09:34:49.583  INFO 73029 --- [main] .s.d.r.c.RepositoryConfigurationDelegate : Finished Spring Data repository scanning in 50 ms. Found 7 JPA repository interfaces.
2023-01-11 09:34:50.670  INFO 73029 --- [main] o.s.b.w.embedded.tomcat.TomcatWebServer  : Tomcat initialized with port(s): 8089 (http)
2023-01-11 09:34:50.681  INFO 73029 --- [main] o.apache.catalina.core.StandardService   : Starting service [Tomcat]
2023-01-11 09:34:50.681  INFO 73029 --- [main] org.apache.catalina.core.StandardEngine  : Starting Servlet engine: [Apache Tomcat/9.0.65]
2023-01-11 09:34:50.809  INFO 73029 --- [main] o.a.c.c.C.[Tomcat].[localhost].[/]       : Initializing Spring embedded WebApplicationContext
2023-01-11 09:34:50.809  INFO 73029 --- [main] w.s.c.ServletWebServerApplicationContext : Root WebApplicationContext: initialization completed in 2497 ms
2023-01-11 09:34:51.896  INFO 73029 --- [main] com.zaxxer.hikari.HikariDataSource       : HikariPool-1 - Starting...
2023-01-11 09:34:52.002  INFO 73029 --- [main] com.zaxxer.hikari.HikariDataSource       : HikariPool-1 - Start completed.
2023-01-11 09:34:52.171  INFO 73029 --- [main] liquibase.database                       : Set default schema name to public
2023-01-11 09:34:52.261  INFO 73029 --- [main] liquibase.lockservice                    : Successfully acquired change log lock
2023-01-11 09:34:52.766  WARN 73029 --- [main] liquibase.changelog                      : included file db/changelog/cumulative.xml/db/changelog/authority is not a recognized file type
2023-01-11 09:34:52.841  INFO 73029 --- [main] liquibase.changelog                      : Reading from public.databasechangelog
2023-01-11 09:34:52.912  INFO 73029 --- [main] liquibase.lockservice                    : Successfully released change log lock
2023-01-11 09:34:53.070  INFO 73029 --- [main] o.hibernate.jpa.internal.util.LogHelper  : HHH000204: Processing PersistenceUnitInfo [name: default]
2023-01-11 09:34:53.126  INFO 73029 --- [main] org.hibernate.Version                    : HHH000412: Hibernate ORM core version 5.6.10.Final
2023-01-11 09:34:53.255  WARN 73029 --- [main] org.hibernate.orm.deprecation            : HHH020100: The Ehcache second-level cache provider for Hibernate is deprecated.  See https://hibernate.atlassian.net/browse/HHH-12441 for details.
2023-01-11 09:34:53.269  INFO 73029 --- [main] o.hibernate.annotations.common.Version   : HCANN000001: Hibernate Commons Annotations {5.1.2.Final}
2023-01-11 09:34:53.390  INFO 73029 --- [main] org.hibernate.dialect.Dialect            : HHH000400: Using dialect: org.hibernate.dialect.PostgreSQL10Dialect
2023-01-11 09:34:53.677  WARN 73029 --- [main] n.s.ehcache.config.ConfigurationFactory  : No configuration found. Configuring ehcache from ehcache-failsafe.xml  found in the classpath: jar:file:/Users/Anton_Tsyrkunou/.m2/repository/net/sf/ehcache/ehcache/2.10.9.2/ehcache-2.10.9.2.jar!/ehcache-failsafe.xml
2023-01-11 09:34:53.782  WARN 73029 --- [main] org.hibernate.orm.cache                  : HHH90001006: Missing cache[com.tsyrkunou.jmpwep.application.model.event.Event] was created on-the-fly. The created cache will use a provider-specific default configuration: make sure you defined one. You can disable this warning by setting 'hibernate.cache.ehcache.missing_cache_strategy' to 'create'.
2023-01-11 09:34:53.843  WARN 73029 --- [main] org.hibernate.orm.cache                  : HHH90001006: Missing cache[com.tsyrkunou.jmpwep.application.model.ticket.Ticket] was created on-the-fly. The created cache will use a provider-specific default configuration: make sure you defined one. You can disable this warning by setting 'hibernate.cache.ehcache.missing_cache_strategy' to 'create'.
2023-01-11 09:34:53.851  WARN 73029 --- [main] org.hibernate.orm.cache                  : HHH90001006: Missing cache[com.tsyrkunou.jmpwep.application.model.order.Oder] was created on-the-fly. The created cache will use a provider-specific default configuration: make sure you defined one. You can disable this warning by setting 'hibernate.cache.ehcache.missing_cache_strategy' to 'create'.
2023-01-11 09:34:53.858  WARN 73029 --- [main] org.hibernate.orm.cache                  : HHH90001006: Missing cache[com.tsyrkunou.jmpwep.application.model.customer.Customer] was created on-the-fly. The created cache will use a provider-specific default configuration: make sure you defined one. You can disable this warning by setting 'hibernate.cache.ehcache.missing_cache_strategy' to 'create'.
2023-01-11 09:34:54.338  INFO 73029 --- [main] o.h.e.t.j.p.i.JtaPlatformInitiator       : HHH000490: Using JtaPlatform implementation: [org.hibernate.engine.transaction.jta.platform.internal.NoJtaPlatform]
2023-01-11 09:34:54.343  INFO 73029 --- [main] j.LocalContainerEntityManagerFactoryBean : Initialized JPA EntityManagerFactory for persistence unit 'default'
2023-01-11 09:34:55.249  WARN 73029 --- [main] org.thymeleaf.templatemode.TemplateMode  : [THYMELEAF][main] Template Mode 'HTML5' is deprecated. Using Template Mode 'HTML' instead.
2023-01-11 09:34:55.310  WARN 73029 --- [main] o.s.b.a.batch.JpaBatchConfigurer         : JPA does not support custom isolation levels, so locks may not be taken when launching Jobs. To silence this warning, set 'spring.batch.jdbc.isolation-level-for-create' to 'default'.
2023-01-11 09:34:55.315  INFO 73029 --- [main] o.s.b.c.r.s.JobRepositoryFactoryBean     : No database type set, using meta data indicating: POSTGRES
2023-01-11 09:34:55.337  INFO 73029 --- [main] o.s.b.c.l.support.SimpleJobLauncher      : No TaskExecutor has been set, defaulting to synchronous executor.
2023-01-11 09:34:55.551  WARN 73029 --- [main] JpaBaseConfiguration$JpaWebConfiguration : spring.jpa.open-in-view is enabled by default. Therefore, database queries may be performed during view rendering. Explicitly configure spring.jpa.open-in-view to disable this warning
2023-01-11 09:34:55.993  WARN 73029 --- [main] org.thymeleaf.templatemode.TemplateMode  : [THYMELEAF][main] Template Mode 'HTML5' is deprecated. Using Template Mode 'HTML' instead.
2023-01-11 09:34:56.376  INFO 73029 --- [main] o.s.b.a.e.web.EndpointLinksResolver      : Exposing 17 endpoint(s) beneath base path '/actuator'
2023-01-11 09:34:56.438  INFO 73029 --- [main] o.s.s.web.DefaultSecurityFilterChain     : Will secure any request with [org.springframework.security.web.session.DisableEncodeUrlFilter@891f18f, org.springframework.security.web.context.request.async.WebAsyncManagerIntegrationFilter@189e986f, org.springframework.security.web.context.SecurityContextPersistenceFilter@7bbd133c, org.springframework.security.web.header.HeaderWriterFilter@776e4088, org.springframework.security.web.authentication.logout.LogoutFilter@8508dae, com.tsyrkunou.jmpwep.application.security.filter.JwtSecurityFilter@19e5e846, org.springframework.security.web.savedrequest.RequestCacheAwareFilter@1ac65143, org.springframework.security.web.servletapi.SecurityContextHolderAwareRequestFilter@5b12157b, org.springframework.security.web.authentication.AnonymousAuthenticationFilter@218289de, org.springframework.security.web.session.SessionManagementFilter@532860c7, org.springframework.security.web.access.ExceptionTranslationFilter@631ff7a2, org.springframework.security.web.access.intercept.AuthorizationFilter@4db8b888]
2023-01-11 09:34:56.822  WARN 73029 --- [main] org.thymeleaf.templatemode.TemplateMode  : [THYMELEAF][main] Template Mode 'LEGACYHTML5' is deprecated. Using Template Mode 'HTML' instead.
2023-01-11 09:34:56.885  INFO 73029 --- [main] o.s.b.w.embedded.tomcat.TomcatWebServer  : Tomcat started on port(s): 8089 (http) with context path ''
2023-01-11 09:34:56.902  INFO 73029 --- [main] com.tsyrkunou.jmpwep.JmpwepApplication   : Started JmpwepApplication in 9.384 seconds (JVM running for 10.122)
2023-01-11 09:34:56.957  INFO 73029 --- [main] o.s.b.a.b.JobLauncherApplicationRunner   : Running default command line with: []
2023-01-11 09:34:58.286  INFO 73029 --- [http-nio-8089-exec-1] o.a.c.c.C.[Tomcat].[localhost].[/]       : Initializing Spring DispatcherServlet 'dispatcherServlet'
2023-01-11 09:34:58.286  INFO 73029 --- [http-nio-8089-exec-1] o.s.web.servlet.DispatcherServlet        : Initializing Servlet 'dispatcherServlet'
2023-01-11 09:34:58.288  INFO 73029 --- [http-nio-8089-exec-1] o.s.web.servlet.DispatcherServlet        : Completed initialization in 2 ms
2023-01-11 09:36:35.241  INFO 73029 --- [http-nio-8089-exec-2] c.t.j.a.c.r.ApplicationRestImpl          : Request for creation event with name: normm2
2023-01-11 09:38:39.912  INFO 73029 --- [http-nio-8089-exec-10] c.t.j.a.c.r.ApplicationRestImpl          : Request for creation event with name: nordost
2023-01-11 09:40:59.504  INFO 73029 --- [http-nio-8089-exec-1] c.t.j.a.c.r.ApplicationRestImpl          : Request for creation event with name: nordost
2023-01-11 10:09:39.799  INFO 73029 --- [SpringApplicationShutdownHook] j.LocalContainerEntityManagerFactoryBean : Closing JPA EntityManagerFactory for persistence unit 'default'
2023-01-11 10:09:40.162  INFO 73029 --- [SpringApplicationShutdownHook] com.zaxxer.hikari.HikariDataSource       : HikariPool-1 - Shutdown initiated...
2023-01-11 10:09:40.164  INFO 73029 --- [SpringApplicationShutdownHook] com.zaxxer.hikari.HikariDataSource       : HikariPool-1 - Shutdown completed.
2023-01-11 10:09:43.157  INFO 75959 --- [main] com.tsyrkunou.jmpwep.JmpwepApplication   : Starting JmpwepApplication using Java 17.0.2 on EPBYGOMW02ED with PID 75959 (/Users/Anton_Tsyrkunou/Documents/SomeProject/JMP/jmpwep/target/classes started by Anton_Tsyrkunou in /Users/Anton_Tsyrkunou/Documents/SomeProject/JMP/jmpwep)
2023-01-11 10:09:43.159  INFO 75959 --- [main] com.tsyrkunou.jmpwep.JmpwepApplication   : No active profile set, falling back to 1 default profile: "default"
2023-01-11 10:09:44.471  INFO 75959 --- [main] .s.d.r.c.RepositoryConfigurationDelegate : Multiple Spring Data modules found, entering strict repository configuration mode
2023-01-11 10:09:44.472  INFO 75959 --- [main] .s.d.r.c.RepositoryConfigurationDelegate : Bootstrapping Spring Data JDBC repositories in DEFAULT mode.
2023-01-11 10:09:44.526  INFO 75959 --- [main] .RepositoryConfigurationExtensionSupport : Spring Data JDBC - Could not safely identify store assignment for repository candidate interface com.tsyrkunou.jmpwep.application.repository.AmountRepository; If you want this repository to be a JDBC repository, consider annotating your entities with one of these annotations: org.springframework.data.relational.core.mapping.Table.
2023-01-11 10:09:44.540  INFO 75959 --- [main] .RepositoryConfigurationExtensionSupport : Spring Data JDBC - Could not safely identify store assignment for repository candidate interface com.tsyrkunou.jmpwep.application.repository.CustomerRepository; If you want this repository to be a JDBC repository, consider annotating your entities with one of these annotations: org.springframework.data.relational.core.mapping.Table.
2023-01-11 10:09:44.546  INFO 75959 --- [main] .RepositoryConfigurationExtensionSupport : Spring Data JDBC - Could not safely identify store assignment for repository candidate interface com.tsyrkunou.jmpwep.application.repository.EventAmountRepository; If you want this repository to be a JDBC repository, consider annotating your entities with one of these annotations: org.springframework.data.relational.core.mapping.Table.
2023-01-11 10:09:44.555  INFO 75959 --- [main] .RepositoryConfigurationExtensionSupport : Spring Data JDBC - Could not safely identify store assignment for repository candidate interface com.tsyrkunou.jmpwep.application.repository.EventRepository; If you want this repository to be a JDBC repository, consider annotating your entities with one of these annotations: org.springframework.data.relational.core.mapping.Table.
2023-01-11 10:09:44.560  INFO 75959 --- [main] .RepositoryConfigurationExtensionSupport : Spring Data JDBC - Could not safely identify store assignment for repository candidate interface com.tsyrkunou.jmpwep.application.repository.OrderRepository; If you want this repository to be a JDBC repository, consider annotating your entities with one of these annotations: org.springframework.data.relational.core.mapping.Table.
2023-01-11 10:09:44.564  INFO 75959 --- [main] .RepositoryConfigurationExtensionSupport : Spring Data JDBC - Could not safely identify store assignment for repository candidate interface com.tsyrkunou.jmpwep.application.repository.TicketRepository; If you want this repository to be a JDBC repository, consider annotating your entities with one of these annotations: org.springframework.data.relational.core.mapping.Table.
2023-01-11 10:09:44.568  INFO 75959 --- [main] .RepositoryConfigurationExtensionSupport : Spring Data JDBC - Could not safely identify store assignment for repository candidate interface com.tsyrkunou.jmpwep.application.security.jwt.UserTokenRepository; If you want this repository to be a JDBC repository, consider annotating your entities with one of these annotations: org.springframework.data.relational.core.mapping.Table.
2023-01-11 10:09:44.569  INFO 75959 --- [main] .s.d.r.c.RepositoryConfigurationDelegate : Finished Spring Data repository scanning in 88 ms. Found 0 JDBC repository interfaces.
2023-01-11 10:09:44.580  INFO 75959 --- [main] .s.d.r.c.RepositoryConfigurationDelegate : Multiple Spring Data modules found, entering strict repository configuration mode
2023-01-11 10:09:44.581  INFO 75959 --- [main] .s.d.r.c.RepositoryConfigurationDelegate : Bootstrapping Spring Data JPA repositories in DEFAULT mode.
2023-01-11 10:09:44.633  INFO 75959 --- [main] .s.d.r.c.RepositoryConfigurationDelegate : Finished Spring Data repository scanning in 47 ms. Found 7 JPA repository interfaces.
2023-01-11 10:09:45.735  INFO 75959 --- [main] o.s.b.w.embedded.tomcat.TomcatWebServer  : Tomcat initialized with port(s): 8089 (http)
2023-01-11 10:09:45.890  INFO 75959 --- [main] w.s.c.ServletWebServerApplicationContext : Root WebApplicationContext: initialization completed in 2672 ms
2023-01-11 10:09:46.503  INFO 75959 --- [main] com.zaxxer.hikari.HikariDataSource       : HikariPool-1 - Starting...
2023-01-11 10:09:46.609  INFO 75959 --- [main] com.zaxxer.hikari.HikariDataSource       : HikariPool-1 - Start completed.
